<?xml version="1.0" encoding="UTF-8"?>
<testsuite xmlns:xsi="http://www.w3.org/2001/XMLSchema-instance" xsi:noNamespaceSchemaLocation="https://maven.apache.org/surefire/maven-surefire-plugin/xsd/surefire-test-report.xsd" name="com.ververica.flinktraining.exercises.datastream_java.broadcast.TaxiQueryTest" time="0.653" tests="2" errors="0" skipped="0" failures="0">
  <properties>
    <property name="sun.desktop" value="windows"/>
    <property name="awt.toolkit" value="sun.awt.windows.WToolkit"/>
    <property name="file.encoding.pkg" value="sun.io"/>
    <property name="java.specification.version" value="1.8"/>
    <property name="sun.cpu.isalist" value="amd64"/>
    <property name="sun.jnu.encoding" value="Cp1251"/>
    <property name="java.class.path" value="C:\Users\matyu\IdeaProjects\flink-training-exercises-master\target\test-classes;C:\Users\matyu\IdeaProjects\flink-training-exercises-master\target\classes;C:\Users\matyu\.m2\repository\org\apache\flink\flink-java\1.10.0\flink-java-1.10.0.jar;C:\Users\matyu\.m2\repository\org\apache\flink\flink-core\1.10.0\flink-core-1.10.0.jar;C:\Users\matyu\.m2\repository\org\apache\flink\flink-annotations\1.10.0\flink-annotations-1.10.0.jar;C:\Users\matyu\.m2\repository\org\apache\flink\flink-metrics-core\1.10.0\flink-metrics-core-1.10.0.jar;C:\Users\matyu\.m2\repository\com\esotericsoftware\kryo\kryo\2.24.0\kryo-2.24.0.jar;C:\Users\matyu\.m2\repository\com\esotericsoftware\minlog\minlog\1.2\minlog-1.2.jar;C:\Users\matyu\.m2\repository\org\objenesis\objenesis\2.1\objenesis-2.1.jar;C:\Users\matyu\.m2\repository\commons-collections\commons-collections\3.2.2\commons-collections-3.2.2.jar;C:\Users\matyu\.m2\repository\org\apache\commons\commons-compress\1.18\commons-compress-1.18.jar;C:\Users\matyu\.m2\repository\org\apache\flink\flink-shaded-asm-7\7.1-9.0\flink-shaded-asm-7-7.1-9.0.jar;C:\Users\matyu\.m2\repository\org\apache\commons\commons-lang3\3.3.2\commons-lang3-3.3.2.jar;C:\Users\matyu\.m2\repository\org\slf4j\slf4j-api\1.7.15\slf4j-api-1.7.15.jar;C:\Users\matyu\.m2\repository\com\google\code\findbugs\jsr305\1.3.9\jsr305-1.3.9.jar;C:\Users\matyu\.m2\repository\org\apache\flink\force-shading\1.10.0\force-shading-1.10.0.jar;C:\Users\matyu\.m2\repository\org\apache\flink\flink-clients_2.12\1.10.0\flink-clients_2.12-1.10.0.jar;C:\Users\matyu\.m2\repository\org\apache\flink\flink-runtime_2.12\1.10.0\flink-runtime_2.12-1.10.0.jar;C:\Users\matyu\.m2\repository\org\apache\flink\flink-optimizer_2.12\1.10.0\flink-optimizer_2.12-1.10.0.jar;C:\Users\matyu\.m2\repository\commons-cli\commons-cli\1.3.1\commons-cli-1.3.1.jar;C:\Users\matyu\.m2\repository\org\apache\flink\flink-scala_2.12\1.10.0\flink-scala_2.12-1.10.0.jar;C:\Users\matyu\.m2\repository\org\scala-lang\scala-reflect\2.12.7\scala-reflect-2.12.7.jar;C:\Users\matyu\.m2\repository\org\scala-lang\scala-library\2.12.7\scala-library-2.12.7.jar;C:\Users\matyu\.m2\repository\org\scala-lang\scala-compiler\2.12.7\scala-compiler-2.12.7.jar;C:\Users\matyu\.m2\repository\org\scala-lang\modules\scala-xml_2.12\1.0.6\scala-xml_2.12-1.0.6.jar;C:\Users\matyu\.m2\repository\org\apache\flink\flink-streaming-java_2.12\1.10.0\flink-streaming-java_2.12-1.10.0.jar;C:\Users\matyu\.m2\repository\org\apache\flink\flink-shaded-guava\18.0-9.0\flink-shaded-guava-18.0-9.0.jar;C:\Users\matyu\.m2\repository\org\apache\flink\flink-streaming-scala_2.12\1.10.0\flink-streaming-scala_2.12-1.10.0.jar;C:\Users\matyu\.m2\repository\org\apache\flink\flink-runtime-web_2.12\1.10.0\flink-runtime-web_2.12-1.10.0.jar;C:\Users\matyu\.m2\repository\org\apache\flink\flink-shaded-netty\4.1.39.Final-9.0\flink-shaded-netty-4.1.39.Final-9.0.jar;C:\Users\matyu\.m2\repository\org\apache\flink\flink-shaded-jackson\2.10.1-9.0\flink-shaded-jackson-2.10.1-9.0.jar;C:\Users\matyu\.m2\repository\org\javassist\javassist\3.24.0-GA\javassist-3.24.0-GA.jar;C:\Users\matyu\.m2\repository\org\apache\flink\flink-cep_2.12\1.10.0\flink-cep_2.12-1.10.0.jar;C:\Users\matyu\.m2\repository\org\apache\flink\flink-cep-scala_2.12\1.10.0\flink-cep-scala_2.12-1.10.0.jar;C:\Users\matyu\.m2\repository\org\apache\flink\flink-state-processor-api_2.12\1.10.0\flink-state-processor-api_2.12-1.10.0.jar;C:\Users\matyu\.m2\repository\org\apache\flink\flink-table-uber_2.12\1.10.0\flink-table-uber_2.12-1.10.0.jar;C:\Users\matyu\.m2\repository\org\apache\flink\flink-sql-parser\1.10.0\flink-sql-parser-1.10.0.jar;C:\Users\matyu\.m2\repository\org\apache\calcite\calcite-core\1.21.0\calcite-core-1.21.0.jar;C:\Users\matyu\.m2\repository\org\apache\calcite\avatica\avatica-core\1.15.0\avatica-core-1.15.0.jar;C:\Users\matyu\.m2\repository\org\apache\flink\flink-test-utils-junit\1.10.0\flink-test-utils-junit-1.10.0.jar;C:\Users\matyu\.m2\repository\org\apache\flink\flink-test-utils_2.12\1.10.0\flink-test-utils_2.12-1.10.0.jar;C:\Users\matyu\.m2\repository\org\apache\curator\curator-test\2.12.0\curator-test-2.12.0.jar;C:\Users\matyu\.m2\repository\org\apache\zookeeper\zookeeper\3.4.8\zookeeper-3.4.8.jar;C:\Users\matyu\.m2\repository\log4j\log4j\1.2.16\log4j-1.2.16.jar;C:\Users\matyu\.m2\repository\jline\jline\0.9.94\jline-0.9.94.jar;C:\Users\matyu\.m2\repository\io\netty\netty\3.7.0.Final\netty-3.7.0.Final.jar;C:\Users\matyu\.m2\repository\com\google\guava\guava\16.0.1\guava-16.0.1.jar;C:\Users\matyu\.m2\repository\org\apache\flink\flink-streaming-java_2.12\1.10.0\flink-streaming-java_2.12-1.10.0-tests.jar;C:\Users\matyu\.m2\repository\org\apache\flink\flink-runtime_2.12\1.10.0\flink-runtime_2.12-1.10.0-tests.jar;C:\Users\matyu\.m2\repository\org\apache\flink\flink-queryable-state-client-java\1.10.0\flink-queryable-state-client-java-1.10.0.jar;C:\Users\matyu\.m2\repository\org\apache\flink\flink-hadoop-fs\1.10.0\flink-hadoop-fs-1.10.0.jar;C:\Users\matyu\.m2\repository\commons-io\commons-io\2.4\commons-io-2.4.jar;C:\Users\matyu\.m2\repository\com\typesafe\akka\akka-actor_2.12\2.5.21\akka-actor_2.12-2.5.21.jar;C:\Users\matyu\.m2\repository\com\typesafe\config\1.3.3\config-1.3.3.jar;C:\Users\matyu\.m2\repository\org\scala-lang\modules\scala-java8-compat_2.12\0.8.0\scala-java8-compat_2.12-0.8.0.jar;C:\Users\matyu\.m2\repository\com\typesafe\akka\akka-stream_2.12\2.5.21\akka-stream_2.12-2.5.21.jar;C:\Users\matyu\.m2\repository\org\reactivestreams\reactive-streams\1.0.2\reactive-streams-1.0.2.jar;C:\Users\matyu\.m2\repository\com\typesafe\ssl-config-core_2.12\0.3.7\ssl-config-core_2.12-0.3.7.jar;C:\Users\matyu\.m2\repository\org\scala-lang\modules\scala-parser-combinators_2.12\1.1.1\scala-parser-combinators_2.12-1.1.1.jar;C:\Users\matyu\.m2\repository\com\typesafe\akka\akka-protobuf_2.12\2.5.21\akka-protobuf_2.12-2.5.21.jar;C:\Users\matyu\.m2\repository\com\typesafe\akka\akka-slf4j_2.12\2.5.21\akka-slf4j_2.12-2.5.21.jar;C:\Users\matyu\.m2\repository\org\clapper\grizzled-slf4j_2.12\1.3.2\grizzled-slf4j_2.12-1.3.2.jar;C:\Users\matyu\.m2\repository\com\github\scopt\scopt_2.12\3.5.0\scopt_2.12-3.5.0.jar;C:\Users\matyu\.m2\repository\org\xerial\snappy\snappy-java\1.1.4\snappy-java-1.1.4.jar;C:\Users\matyu\.m2\repository\com\twitter\chill_2.12\0.7.6\chill_2.12-0.7.6.jar;C:\Users\matyu\.m2\repository\com\twitter\chill-java\0.7.6\chill-java-0.7.6.jar;C:\Users\matyu\.m2\repository\org\lz4\lz4-java\1.5.0\lz4-java-1.5.0.jar;C:\Users\matyu\.m2\repository\joda-time\joda-time\2.7\joda-time-2.7.jar;C:\Users\matyu\.m2\repository\org\apache\commons\commons-math3\3.5\commons-math3-3.5.jar;C:\Users\matyu\.m2\repository\junit\junit\4.12\junit-4.12.jar;C:\Users\matyu\.m2\repository\org\hamcrest\hamcrest-core\1.3\hamcrest-core-1.3.jar;C:\Users\matyu\.m2\repository\org\assertj\assertj-core\3.11.1\assertj-core-3.11.1.jar;C:\Users\matyu\.m2\repository\org\hamcrest\hamcrest-library\1.3\hamcrest-library-1.3.jar;"/>
    <property name="java.vm.vendor" value="Oracle Corporation"/>
    <property name="sun.arch.data.model" value="64"/>
    <property name="user.variant" value=""/>
    <property name="java.vendor.url" value="http://java.oracle.com/"/>
    <property name="user.timezone" value=""/>
    <property name="java.vm.specification.version" value="1.8"/>
    <property name="os.name" value="Windows 10"/>
    <property name="user.country" value="RU"/>
    <property name="sun.java.launcher" value="SUN_STANDARD"/>
    <property name="sun.boot.library.path" value="C:\Program Files\Java\jdk1.8.0_261\jre\bin"/>
    <property name="sun.java.command" value="C:\Users\matyu\AppData\Local\Temp\surefire2978086320877930431\surefirebooter6228402320697327898.jar C:\Users\matyu\AppData\Local\Temp\surefire2978086320877930431 2021-01-19T15-56-59_378-jvmRun1 surefire6149812240564233560tmp surefire_04798688116879877294tmp"/>
    <property name="surefire.test.class.path" value="C:\Users\matyu\IdeaProjects\flink-training-exercises-master\target\test-classes;C:\Users\matyu\IdeaProjects\flink-training-exercises-master\target\classes;C:\Users\matyu\.m2\repository\org\apache\flink\flink-java\1.10.0\flink-java-1.10.0.jar;C:\Users\matyu\.m2\repository\org\apache\flink\flink-core\1.10.0\flink-core-1.10.0.jar;C:\Users\matyu\.m2\repository\org\apache\flink\flink-annotations\1.10.0\flink-annotations-1.10.0.jar;C:\Users\matyu\.m2\repository\org\apache\flink\flink-metrics-core\1.10.0\flink-metrics-core-1.10.0.jar;C:\Users\matyu\.m2\repository\com\esotericsoftware\kryo\kryo\2.24.0\kryo-2.24.0.jar;C:\Users\matyu\.m2\repository\com\esotericsoftware\minlog\minlog\1.2\minlog-1.2.jar;C:\Users\matyu\.m2\repository\org\objenesis\objenesis\2.1\objenesis-2.1.jar;C:\Users\matyu\.m2\repository\commons-collections\commons-collections\3.2.2\commons-collections-3.2.2.jar;C:\Users\matyu\.m2\repository\org\apache\commons\commons-compress\1.18\commons-compress-1.18.jar;C:\Users\matyu\.m2\repository\org\apache\flink\flink-shaded-asm-7\7.1-9.0\flink-shaded-asm-7-7.1-9.0.jar;C:\Users\matyu\.m2\repository\org\apache\commons\commons-lang3\3.3.2\commons-lang3-3.3.2.jar;C:\Users\matyu\.m2\repository\org\slf4j\slf4j-api\1.7.15\slf4j-api-1.7.15.jar;C:\Users\matyu\.m2\repository\com\google\code\findbugs\jsr305\1.3.9\jsr305-1.3.9.jar;C:\Users\matyu\.m2\repository\org\apache\flink\force-shading\1.10.0\force-shading-1.10.0.jar;C:\Users\matyu\.m2\repository\org\apache\flink\flink-clients_2.12\1.10.0\flink-clients_2.12-1.10.0.jar;C:\Users\matyu\.m2\repository\org\apache\flink\flink-runtime_2.12\1.10.0\flink-runtime_2.12-1.10.0.jar;C:\Users\matyu\.m2\repository\org\apache\flink\flink-optimizer_2.12\1.10.0\flink-optimizer_2.12-1.10.0.jar;C:\Users\matyu\.m2\repository\commons-cli\commons-cli\1.3.1\commons-cli-1.3.1.jar;C:\Users\matyu\.m2\repository\org\apache\flink\flink-scala_2.12\1.10.0\flink-scala_2.12-1.10.0.jar;C:\Users\matyu\.m2\repository\org\scala-lang\scala-reflect\2.12.7\scala-reflect-2.12.7.jar;C:\Users\matyu\.m2\repository\org\scala-lang\scala-library\2.12.7\scala-library-2.12.7.jar;C:\Users\matyu\.m2\repository\org\scala-lang\scala-compiler\2.12.7\scala-compiler-2.12.7.jar;C:\Users\matyu\.m2\repository\org\scala-lang\modules\scala-xml_2.12\1.0.6\scala-xml_2.12-1.0.6.jar;C:\Users\matyu\.m2\repository\org\apache\flink\flink-streaming-java_2.12\1.10.0\flink-streaming-java_2.12-1.10.0.jar;C:\Users\matyu\.m2\repository\org\apache\flink\flink-shaded-guava\18.0-9.0\flink-shaded-guava-18.0-9.0.jar;C:\Users\matyu\.m2\repository\org\apache\flink\flink-streaming-scala_2.12\1.10.0\flink-streaming-scala_2.12-1.10.0.jar;C:\Users\matyu\.m2\repository\org\apache\flink\flink-runtime-web_2.12\1.10.0\flink-runtime-web_2.12-1.10.0.jar;C:\Users\matyu\.m2\repository\org\apache\flink\flink-shaded-netty\4.1.39.Final-9.0\flink-shaded-netty-4.1.39.Final-9.0.jar;C:\Users\matyu\.m2\repository\org\apache\flink\flink-shaded-jackson\2.10.1-9.0\flink-shaded-jackson-2.10.1-9.0.jar;C:\Users\matyu\.m2\repository\org\javassist\javassist\3.24.0-GA\javassist-3.24.0-GA.jar;C:\Users\matyu\.m2\repository\org\apache\flink\flink-cep_2.12\1.10.0\flink-cep_2.12-1.10.0.jar;C:\Users\matyu\.m2\repository\org\apache\flink\flink-cep-scala_2.12\1.10.0\flink-cep-scala_2.12-1.10.0.jar;C:\Users\matyu\.m2\repository\org\apache\flink\flink-state-processor-api_2.12\1.10.0\flink-state-processor-api_2.12-1.10.0.jar;C:\Users\matyu\.m2\repository\org\apache\flink\flink-table-uber_2.12\1.10.0\flink-table-uber_2.12-1.10.0.jar;C:\Users\matyu\.m2\repository\org\apache\flink\flink-sql-parser\1.10.0\flink-sql-parser-1.10.0.jar;C:\Users\matyu\.m2\repository\org\apache\calcite\calcite-core\1.21.0\calcite-core-1.21.0.jar;C:\Users\matyu\.m2\repository\org\apache\calcite\avatica\avatica-core\1.15.0\avatica-core-1.15.0.jar;C:\Users\matyu\.m2\repository\org\apache\flink\flink-test-utils-junit\1.10.0\flink-test-utils-junit-1.10.0.jar;C:\Users\matyu\.m2\repository\org\apache\flink\flink-test-utils_2.12\1.10.0\flink-test-utils_2.12-1.10.0.jar;C:\Users\matyu\.m2\repository\org\apache\curator\curator-test\2.12.0\curator-test-2.12.0.jar;C:\Users\matyu\.m2\repository\org\apache\zookeeper\zookeeper\3.4.8\zookeeper-3.4.8.jar;C:\Users\matyu\.m2\repository\log4j\log4j\1.2.16\log4j-1.2.16.jar;C:\Users\matyu\.m2\repository\jline\jline\0.9.94\jline-0.9.94.jar;C:\Users\matyu\.m2\repository\io\netty\netty\3.7.0.Final\netty-3.7.0.Final.jar;C:\Users\matyu\.m2\repository\com\google\guava\guava\16.0.1\guava-16.0.1.jar;C:\Users\matyu\.m2\repository\org\apache\flink\flink-streaming-java_2.12\1.10.0\flink-streaming-java_2.12-1.10.0-tests.jar;C:\Users\matyu\.m2\repository\org\apache\flink\flink-runtime_2.12\1.10.0\flink-runtime_2.12-1.10.0-tests.jar;C:\Users\matyu\.m2\repository\org\apache\flink\flink-queryable-state-client-java\1.10.0\flink-queryable-state-client-java-1.10.0.jar;C:\Users\matyu\.m2\repository\org\apache\flink\flink-hadoop-fs\1.10.0\flink-hadoop-fs-1.10.0.jar;C:\Users\matyu\.m2\repository\commons-io\commons-io\2.4\commons-io-2.4.jar;C:\Users\matyu\.m2\repository\com\typesafe\akka\akka-actor_2.12\2.5.21\akka-actor_2.12-2.5.21.jar;C:\Users\matyu\.m2\repository\com\typesafe\config\1.3.3\config-1.3.3.jar;C:\Users\matyu\.m2\repository\org\scala-lang\modules\scala-java8-compat_2.12\0.8.0\scala-java8-compat_2.12-0.8.0.jar;C:\Users\matyu\.m2\repository\com\typesafe\akka\akka-stream_2.12\2.5.21\akka-stream_2.12-2.5.21.jar;C:\Users\matyu\.m2\repository\org\reactivestreams\reactive-streams\1.0.2\reactive-streams-1.0.2.jar;C:\Users\matyu\.m2\repository\com\typesafe\ssl-config-core_2.12\0.3.7\ssl-config-core_2.12-0.3.7.jar;C:\Users\matyu\.m2\repository\org\scala-lang\modules\scala-parser-combinators_2.12\1.1.1\scala-parser-combinators_2.12-1.1.1.jar;C:\Users\matyu\.m2\repository\com\typesafe\akka\akka-protobuf_2.12\2.5.21\akka-protobuf_2.12-2.5.21.jar;C:\Users\matyu\.m2\repository\com\typesafe\akka\akka-slf4j_2.12\2.5.21\akka-slf4j_2.12-2.5.21.jar;C:\Users\matyu\.m2\repository\org\clapper\grizzled-slf4j_2.12\1.3.2\grizzled-slf4j_2.12-1.3.2.jar;C:\Users\matyu\.m2\repository\com\github\scopt\scopt_2.12\3.5.0\scopt_2.12-3.5.0.jar;C:\Users\matyu\.m2\repository\org\xerial\snappy\snappy-java\1.1.4\snappy-java-1.1.4.jar;C:\Users\matyu\.m2\repository\com\twitter\chill_2.12\0.7.6\chill_2.12-0.7.6.jar;C:\Users\matyu\.m2\repository\com\twitter\chill-java\0.7.6\chill-java-0.7.6.jar;C:\Users\matyu\.m2\repository\org\lz4\lz4-java\1.5.0\lz4-java-1.5.0.jar;C:\Users\matyu\.m2\repository\joda-time\joda-time\2.7\joda-time-2.7.jar;C:\Users\matyu\.m2\repository\org\apache\commons\commons-math3\3.5\commons-math3-3.5.jar;C:\Users\matyu\.m2\repository\junit\junit\4.12\junit-4.12.jar;C:\Users\matyu\.m2\repository\org\hamcrest\hamcrest-core\1.3\hamcrest-core-1.3.jar;C:\Users\matyu\.m2\repository\org\assertj\assertj-core\3.11.1\assertj-core-3.11.1.jar;C:\Users\matyu\.m2\repository\org\hamcrest\hamcrest-library\1.3\hamcrest-library-1.3.jar;"/>
    <property name="sun.cpu.endian" value="little"/>
    <property name="user.home" value="C:\Users\matyu"/>
    <property name="user.language" value="ru"/>
    <property name="java.specification.vendor" value="Oracle Corporation"/>
    <property name="java.home" value="C:\Program Files\Java\jdk1.8.0_261\jre"/>
    <property name="basedir" value="C:\Users\matyu\IdeaProjects\flink-training-exercises-master"/>
    <property name="file.separator" value="\"/>
    <property name="line.separator" value="&#10;"/>
    <property name="java.vm.specification.vendor" value="Oracle Corporation"/>
    <property name="java.specification.name" value="Java Platform API Specification"/>
    <property name="java.awt.graphicsenv" value="sun.awt.Win32GraphicsEnvironment"/>
    <property name="surefire.real.class.path" value="C:\Users\matyu\AppData\Local\Temp\surefire2978086320877930431\surefirebooter6228402320697327898.jar"/>
    <property name="sun.boot.class.path" value="C:\Program Files\Java\jdk1.8.0_261\jre\lib\resources.jar;C:\Program Files\Java\jdk1.8.0_261\jre\lib\rt.jar;C:\Program Files\Java\jdk1.8.0_261\jre\lib\sunrsasign.jar;C:\Program Files\Java\jdk1.8.0_261\jre\lib\jsse.jar;C:\Program Files\Java\jdk1.8.0_261\jre\lib\jce.jar;C:\Program Files\Java\jdk1.8.0_261\jre\lib\charsets.jar;C:\Program Files\Java\jdk1.8.0_261\jre\lib\jfr.jar;C:\Program Files\Java\jdk1.8.0_261\jre\classes"/>
    <property name="user.script" value=""/>
    <property name="sun.management.compiler" value="HotSpot 64-Bit Tiered Compilers"/>
    <property name="java.runtime.version" value="1.8.0_261-b12"/>
    <property name="user.name" value="matyu"/>
    <property name="path.separator" value=";"/>
    <property name="os.version" value="10.0"/>
    <property name="java.endorsed.dirs" value="C:\Program Files\Java\jdk1.8.0_261\jre\lib\endorsed"/>
    <property name="java.runtime.name" value="Java(TM) SE Runtime Environment"/>
    <property name="file.encoding" value="Cp1251"/>
    <property name="java.vm.name" value="Java HotSpot(TM) 64-Bit Server VM"/>
    <property name="localRepository" value="C:\Users\matyu\.m2\repository"/>
    <property name="java.vendor.url.bug" value="http://bugreport.sun.com/bugreport/"/>
    <property name="java.io.tmpdir" value="C:\Users\matyu\AppData\Local\Temp\"/>
    <property name="idea.version" value="2020.2.4"/>
    <property name="java.version" value="1.8.0_261"/>
    <property name="user.dir" value="C:\Users\matyu\IdeaProjects\flink-training-exercises-master"/>
    <property name="os.arch" value="amd64"/>
    <property name="java.vm.specification.name" value="Java Virtual Machine Specification"/>
    <property name="java.awt.printerjob" value="sun.awt.windows.WPrinterJob"/>
    <property name="sun.os.patch.level" value=""/>
    <property name="java.library.path" value="C:\Program Files\Java\jdk1.8.0_261\jre\bin;C:\Windows\Sun\Java\bin;C:\Windows\system32;C:\Windows;C:\Python39\Scripts\;C:\Python39\;C:\Program Files\NVIDIA GPU Computing Toolkit\CUDA\v8.0\bin;C:\Program Files\NVIDIA GPU Computing Toolkit\CUDA\v8.0\libnvvp;C:\Program Files (x86)\Common Files\Oracle\Java\javapath;C:\Windows\system32;C:\Windows;C:\Windows\System32\Wbem;C:\Windows\System32\WindowsPowerShell\v1.0\;C:\Windows\System32\OpenSSH\;C:\Program Files (x86)\NVIDIA Corporation\PhysX\Common;C:\Program Files\NVIDIA Corporation\NVIDIA NvDLISR;C:\Program Files\Docker\Docker\resources\bin;C:\ProgramData\DockerDesktop\version-bin;C:\Program Files\nodejs\;C:\ProgramData\chocolatey\bin;C:\Program Files\Git\cmd;C:\Program Files\Java\jdk1.8.0_261\bin;C:\Users\matyu\AppData\Roaming\npm;."/>
    <property name="java.vm.info" value="mixed mode"/>
    <property name="java.vendor" value="Oracle Corporation"/>
    <property name="java.vm.version" value="25.261-b12"/>
    <property name="java.ext.dirs" value="C:\Program Files\Java\jdk1.8.0_261\jre\lib\ext;C:\Windows\Sun\Java\lib\ext"/>
    <property name="sun.io.unicode.encoding" value="UnicodeLittle"/>
    <property name="java.class.version" value="52.0"/>
  </properties>
  <testcase name="ongoingRides" classname="com.ververica.flinktraining.exercises.datastream_java.broadcast.TaxiQueryTest" time="0.407"/>
  <testcase name="nearbyAvailableTaxis" classname="com.ververica.flinktraining.exercises.datastream_java.broadcast.TaxiQueryTest" time="0.245"/>
</testsuite>